Epoch 1/500
2019-12-16 14:17:07.873486: I tensorflow/stream_executor/platform/default/dso_loader.cc:42] Successfully opened dynamic library libcudnn.so.7
207/207 [==============================] - 46s 223ms/step - loss: 0.7774 - dice_coefficient: 0.1903 - val_loss: 0.5737 - val_dice_coefficient: 0.3858
Epoch 2/500
207/207 [==============================] - 42s 202ms/step - loss: 0.5899 - dice_coefficient: 0.4391 - val_loss: 0.7020 - val_dice_coefficient: 0.4955
Epoch 3/500
207/207 [==============================] - 43s 207ms/step - loss: 0.4653 - dice_coefficient: 0.5547 - val_loss: 0.3362 - val_dice_coefficient: 0.5985
Epoch 4/500
207/207 [==============================] - 42s 204ms/step - loss: 0.4167 - dice_coefficient: 0.6028 - val_loss: 0.3837 - val_dice_coefficient: 0.6136
Epoch 5/500
207/207 [==============================] - 42s 205ms/step - loss: 0.4044 - dice_coefficient: 0.6174 - val_loss: 0.3816 - val_dice_coefficient: 0.6676
Epoch 6/500
207/207 [==============================] - 42s 204ms/step - loss: 0.3868 - dice_coefficient: 0.6340 - val_loss: 0.3544 - val_dice_coefficient: 0.6694
Epoch 7/500
207/207 [==============================] - 43s 207ms/step - loss: 0.3758 - dice_coefficient: 0.6413 - val_loss: 0.4183 - val_dice_coefficient: 0.6666
Epoch 8/500
207/207 [==============================] - 41s 197ms/step - loss: 0.3603 - dice_coefficient: 0.6535 - val_loss: 0.2071 - val_dice_coefficient: 0.6900
Epoch 9/500
207/207 [==============================] - 41s 198ms/step - loss: 0.3501 - dice_coefficient: 0.6659 - val_loss: 0.4144 - val_dice_coefficient: 0.6878
Epoch 10/500
207/207 [==============================] - 41s 197ms/step - loss: 0.3465 - dice_coefficient: 0.6690 - val_loss: 0.3146 - val_dice_coefficient: 0.6899
Epoch 11/500
207/207 [==============================] - 41s 199ms/step - loss: 0.3441 - dice_coefficient: 0.6699 - val_loss: 0.1434 - val_dice_coefficient: 0.6898
Epoch 12/500
207/207 [==============================] - 43s 206ms/step - loss: 0.3472 - dice_coefficient: 0.6671 - val_loss: 0.3809 - val_dice_coefficient: 0.7055
Epoch 13/500
207/207 [==============================] - 41s 199ms/step - loss: 0.3250 - dice_coefficient: 0.6897 - val_loss: 0.2374 - val_dice_coefficient: 0.7079
Epoch 14/500
207/207 [==============================] - 41s 199ms/step - loss: 0.3208 - dice_coefficient: 0.6921 - val_loss: 0.2986 - val_dice_coefficient: 0.7072
Epoch 15/500
207/207 [==============================] - 41s 200ms/step - loss: 0.3218 - dice_coefficient: 0.6881 - val_loss: 0.2294 - val_dice_coefficient: 0.7017
Epoch 16/500
207/207 [==============================] - 41s 198ms/step - loss: 0.3170 - dice_coefficient: 0.6964 - val_loss: 0.2496 - val_dice_coefficient: 0.7181
Epoch 17/500
207/207 [==============================] - 41s 199ms/step - loss: 0.3031 - dice_coefficient: 0.7104 - val_loss: 0.2237 - val_dice_coefficient: 0.7159
Epoch 18/500
207/207 [==============================] - 43s 207ms/step - loss: 0.3058 - dice_coefficient: 0.7060 - val_loss: 0.2800 - val_dice_coefficient: 0.7247
Epoch 19/500
207/207 [==============================] - 43s 206ms/step - loss: 0.2978 - dice_coefficient: 0.7143 - val_loss: 0.2224 - val_dice_coefficient: 0.7125
Epoch 20/500
207/207 [==============================] - 42s 205ms/step - loss: 0.3033 - dice_coefficient: 0.7084 - val_loss: 0.1446 - val_dice_coefficient: 0.7309
Epoch 21/500
207/207 [==============================] - 42s 205ms/step - loss: 0.2989 - dice_coefficient: 0.7176 - val_loss: 0.2410 - val_dice_coefficient: 0.7301

Epoch 00021: ReduceLROnPlateau reducing learning rate to 0.0002500000118743628.
Epoch 22/500
207/207 [==============================] - 42s 205ms/step - loss: 0.2791 - dice_coefficient: 0.7318 - val_loss: 0.3502 - val_dice_coefficient: 0.7489
Epoch 23/500
207/207 [==============================] - 43s 207ms/step - loss: 0.2701 - dice_coefficient: 0.7399 - val_loss: 0.2820 - val_dice_coefficient: 0.7406
Epoch 24/500
207/207 [==============================] - 43s 208ms/step - loss: 0.2708 - dice_coefficient: 0.7423 - val_loss: 0.3230 - val_dice_coefficient: 0.7258
Epoch 25/500
207/207 [==============================] - 43s 209ms/step - loss: 0.2754 - dice_coefficient: 0.7378 - val_loss: 0.2019 - val_dice_coefficient: 0.7499
Epoch 26/500
207/207 [==============================] - 43s 208ms/step - loss: 0.2746 - dice_coefficient: 0.7362 - val_loss: 0.2655 - val_dice_coefficient: 0.7486
Epoch 27/500
207/207 [==============================] - 44s 211ms/step - loss: 0.2617 - dice_coefficient: 0.7488 - val_loss: 0.1545 - val_dice_coefficient: 0.7544
Epoch 28/500
207/207 [==============================] - 43s 206ms/step - loss: 0.2637 - dice_coefficient: 0.7475 - val_loss: 0.3527 - val_dice_coefficient: 0.7567
Epoch 29/500
207/207 [==============================] - 43s 205ms/step - loss: 0.2597 - dice_coefficient: 0.7508 - val_loss: 0.2841 - val_dice_coefficient: 0.7509
Epoch 30/500
207/207 [==============================] - 41s 199ms/step - loss: 0.2556 - dice_coefficient: 0.7550 - val_loss: 0.2460 - val_dice_coefficient: 0.7535
Epoch 31/500
207/207 [==============================] - 43s 205ms/step - loss: 0.2538 - dice_coefficient: 0.7544 - val_loss: 0.3580 - val_dice_coefficient: 0.7522

Epoch 00031: ReduceLROnPlateau reducing learning rate to 0.0001250000059371814.
Epoch 32/500
207/207 [==============================] - 41s 200ms/step - loss: 0.2464 - dice_coefficient: 0.7636 - val_loss: 0.1921 - val_dice_coefficient: 0.7663
Epoch 33/500
207/207 [==============================] - 43s 206ms/step - loss: 0.2428 - dice_coefficient: 0.7666 - val_loss: 0.1885 - val_dice_coefficient: 0.7640
Epoch 34/500
207/207 [==============================] - 43s 208ms/step - loss: 0.2424 - dice_coefficient: 0.7687 - val_loss: 0.2618 - val_dice_coefficient: 0.7633
Epoch 35/500
207/207 [==============================] - 43s 206ms/step - loss: 0.2426 - dice_coefficient: 0.7658 - val_loss: 0.2241 - val_dice_coefficient: 0.7701
Epoch 36/500
207/207 [==============================] - 43s 206ms/step - loss: 0.2400 - dice_coefficient: 0.7694 - val_loss: 0.2475 - val_dice_coefficient: 0.7655
Epoch 37/500
207/207 [==============================] - 41s 200ms/step - loss: 0.2408 - dice_coefficient: 0.7688 - val_loss: 0.1948 - val_dice_coefficient: 0.7705
Epoch 38/500
207/207 [==============================] - 42s 203ms/step - loss: 0.2398 - dice_coefficient: 0.7689 - val_loss: 0.2126 - val_dice_coefficient: 0.7735
Epoch 39/500
207/207 [==============================] - 42s 201ms/step - loss: 0.2338 - dice_coefficient: 0.7743 - val_loss: 0.1395 - val_dice_coefficient: 0.7647
Epoch 40/500
207/207 [==============================] - 42s 202ms/step - loss: 0.2358 - dice_coefficient: 0.7735 - val_loss: 0.1908 - val_dice_coefficient: 0.7750
Epoch 41/500
207/207 [==============================] - 41s 198ms/step - loss: 0.2327 - dice_coefficient: 0.7761 - val_loss: 0.3744 - val_dice_coefficient: 0.7705
Epoch 42/500
207/207 [==============================] - 42s 201ms/step - loss: 0.2312 - dice_coefficient: 0.7772 - val_loss: 0.1403 - val_dice_coefficient: 0.7558
Epoch 43/500
207/207 [==============================] - 43s 206ms/step - loss: 0.2345 - dice_coefficient: 0.7747 - val_loss: 0.1950 - val_dice_coefficient: 0.7750
Epoch 44/500
207/207 [==============================] - 43s 206ms/step - loss: 0.2337 - dice_coefficient: 0.7746 - val_loss: 0.2721 - val_dice_coefficient: 0.7706
Epoch 45/500
207/207 [==============================] - 41s 200ms/step - loss: 0.2310 - dice_coefficient: 0.7783 - val_loss: 0.1442 - val_dice_coefficient: 0.7754
Epoch 46/500
207/207 [==============================] - 41s 200ms/step - loss: 0.2316 - dice_coefficient: 0.7759 - val_loss: 0.1889 - val_dice_coefficient: 0.7776
Epoch 47/500
207/207 [==============================] - 41s 199ms/step - loss: 0.2319 - dice_coefficient: 0.7750 - val_loss: 0.2532 - val_dice_coefficient: 0.7676
Epoch 48/500
207/207 [==============================] - 42s 205ms/step - loss: 0.2277 - dice_coefficient: 0.7814 - val_loss: 0.2681 - val_dice_coefficient: 0.7773
Epoch 49/500
207/207 [==============================] - 42s 205ms/step - loss: 0.2252 - dice_coefficient: 0.7835 - val_loss: 0.2060 - val_dice_coefficient: 0.7824

Epoch 00049: ReduceLROnPlateau reducing learning rate to 6.25000029685907e-05.
Epoch 50/500
207/207 [==============================] - 41s 200ms/step - loss: 0.2221 - dice_coefficient: 0.7859 - val_loss: 0.2482 - val_dice_coefficient: 0.7776
Epoch 51/500
207/207 [==============================] - 41s 200ms/step - loss: 0.2211 - dice_coefficient: 0.7869 - val_loss: 0.2200 - val_dice_coefficient: 0.7765
Epoch 52/500
207/207 [==============================] - 42s 203ms/step - loss: 0.2204 - dice_coefficient: 0.7877 - val_loss: 0.2106 - val_dice_coefficient: 0.7827
Epoch 53/500
207/207 [==============================] - 46s 220ms/step - loss: 0.2174 - dice_coefficient: 0.7913 - val_loss: 0.3865 - val_dice_coefficient: 0.7879
Epoch 54/500
207/207 [==============================] - 43s 206ms/step - loss: 0.2196 - dice_coefficient: 0.7888 - val_loss: 0.1865 - val_dice_coefficient: 0.7819
Epoch 55/500
207/207 [==============================] - 42s 204ms/step - loss: 0.2212 - dice_coefficient: 0.7867 - val_loss: 0.2049 - val_dice_coefficient: 0.7818
Epoch 56/500
207/207 [==============================] - 42s 203ms/step - loss: 0.2185 - dice_coefficient: 0.7901 - val_loss: 0.2198 - val_dice_coefficient: 0.7842
Epoch 57/500
207/207 [==============================] - 43s 207ms/step - loss: 0.2199 - dice_coefficient: 0.7898 - val_loss: 0.1929 - val_dice_coefficient: 0.7869
Epoch 58/500
207/207 [==============================] - 43s 206ms/step - loss: 0.2178 - dice_coefficient: 0.7911 - val_loss: 0.2694 - val_dice_coefficient: 0.7839
Epoch 59/500
207/207 [==============================] - 41s 198ms/step - loss: 0.2154 - dice_coefficient: 0.7939 - val_loss: 0.2320 - val_dice_coefficient: 0.7818

Epoch 00059: ReduceLROnPlateau reducing learning rate to 3.125000148429535e-05.
Epoch 60/500
207/207 [==============================] - 41s 199ms/step - loss: 0.2139 - dice_coefficient: 0.7942 - val_loss: 0.2163 - val_dice_coefficient: 0.7850
Epoch 61/500
207/207 [==============================] - 41s 199ms/step - loss: 0.2146 - dice_coefficient: 0.7935 - val_loss: 0.2888 - val_dice_coefficient: 0.7891
Epoch 62/500
207/207 [==============================] - 41s 199ms/step - loss: 0.2139 - dice_coefficient: 0.7943 - val_loss: 0.1348 - val_dice_coefficient: 0.7823
Epoch 63/500
207/207 [==============================] - 41s 199ms/step - loss: 0.2128 - dice_coefficient: 0.7953 - val_loss: 0.1933 - val_dice_coefficient: 0.7944
Epoch 64/500
207/207 [==============================] - 41s 199ms/step - loss: 0.2136 - dice_coefficient: 0.7949 - val_loss: 0.1000 - val_dice_coefficient: 0.7828
Epoch 65/500
207/207 [==============================] - 41s 200ms/step - loss: 0.2121 - dice_coefficient: 0.7963 - val_loss: 0.2093 - val_dice_coefficient: 0.7860
Epoch 66/500
207/207 [==============================] - 43s 207ms/step - loss: 0.2124 - dice_coefficient: 0.7955 - val_loss: 0.2452 - val_dice_coefficient: 0.7842
Epoch 67/500
207/207 [==============================] - 42s 201ms/step - loss: 0.2114 - dice_coefficient: 0.7968 - val_loss: 0.2121 - val_dice_coefficient: 0.7875
Epoch 68/500
207/207 [==============================] - 41s 198ms/step - loss: 0.2120 - dice_coefficient: 0.7963 - val_loss: 0.2846 - val_dice_coefficient: 0.7836
Epoch 69/500
207/207 [==============================] - 41s 199ms/step - loss: 0.2113 - dice_coefficient: 0.7967 - val_loss: 0.1047 - val_dice_coefficient: 0.7887
Epoch 70/500
207/207 [==============================] - 42s 201ms/step - loss: 0.2128 - dice_coefficient: 0.7953 - val_loss: 0.3240 - val_dice_coefficient: 0.7905
Epoch 71/500
207/207 [==============================] - 43s 208ms/step - loss: 0.2117 - dice_coefficient: 0.7960 - val_loss: 0.3800 - val_dice_coefficient: 0.7902
Epoch 72/500
207/207 [==============================] - 41s 199ms/step - loss: 0.2111 - dice_coefficient: 0.7974 - val_loss: 0.1791 - val_dice_coefficient: 0.7935
Epoch 73/500
207/207 [==============================] - 41s 200ms/step - loss: 0.2098 - dice_coefficient: 0.7980 - val_loss: 0.3781 - val_dice_coefficient: 0.7954
Epoch 74/500
207/207 [==============================] - 42s 203ms/step - loss: 0.2103 - dice_coefficient: 0.7983 - val_loss: 0.2170 - val_dice_coefficient: 0.7879

Epoch 00074: ReduceLROnPlateau reducing learning rate to 1.5625000742147677e-05.
Epoch 75/500
207/207 [==============================] - 42s 203ms/step - loss: 0.2088 - dice_coefficient: 0.7984 - val_loss: 0.1783 - val_dice_coefficient: 0.7911
Epoch 76/500
207/207 [==============================] - 41s 200ms/step - loss: 0.2077 - dice_coefficient: 0.8000 - val_loss: 0.2499 - val_dice_coefficient: 0.7881
Epoch 77/500
207/207 [==============================] - 42s 203ms/step - loss: 0.2084 - dice_coefficient: 0.7988 - val_loss: 0.1901 - val_dice_coefficient: 0.7924
Epoch 78/500
207/207 [==============================] - 43s 210ms/step - loss: 0.2077 - dice_coefficient: 0.8009 - val_loss: 0.2476 - val_dice_coefficient: 0.7880
Epoch 79/500
207/207 [==============================] - 43s 206ms/step - loss: 0.2074 - dice_coefficient: 0.8003 - val_loss: 0.3788 - val_dice_coefficient: 0.7929
Epoch 80/500
207/207 [==============================] - 42s 201ms/step - loss: 0.2089 - dice_coefficient: 0.7984 - val_loss: 0.2192 - val_dice_coefficient: 0.7946
Epoch 81/500
207/207 [==============================] - 41s 199ms/step - loss: 0.2089 - dice_coefficient: 0.7990 - val_loss: 0.1107 - val_dice_coefficient: 0.7905
Epoch 82/500
207/207 [==============================] - 42s 201ms/step - loss: 0.2084 - dice_coefficient: 0.7995 - val_loss: 0.2772 - val_dice_coefficient: 0.7910
Epoch 83/500
207/207 [==============================] - 42s 202ms/step - loss: 0.2091 - dice_coefficient: 0.7996 - val_loss: 0.2647 - val_dice_coefficient: 0.7921
Epoch 84/500
207/207 [==============================] - 42s 201ms/step - loss: 0.2068 - dice_coefficient: 0.8017 - val_loss: 0.1502 - val_dice_coefficient: 0.7930

Epoch 00084: ReduceLROnPlateau reducing learning rate to 7.812500371073838e-06.
Epoch 85/500
207/207 [==============================] - 42s 202ms/step - loss: 0.2070 - dice_coefficient: 0.8016 - val_loss: 0.2770 - val_dice_coefficient: 0.7962
Epoch 86/500
207/207 [==============================] - 41s 200ms/step - loss: 0.2074 - dice_coefficient: 0.8012 - val_loss: 0.2955 - val_dice_coefficient: 0.7845
Epoch 87/500
207/207 [==============================] - 43s 208ms/step - loss: 0.2068 - dice_coefficient: 0.8012 - val_loss: 0.1375 - val_dice_coefficient: 0.7908
Epoch 88/500
207/207 [==============================] - 43s 207ms/step - loss: 0.2079 - dice_coefficient: 0.8005 - val_loss: 0.3561 - val_dice_coefficient: 0.7921
Epoch 89/500
207/207 [==============================] - 42s 202ms/step - loss: 0.2071 - dice_coefficient: 0.8014 - val_loss: 0.1125 - val_dice_coefficient: 0.7887
Epoch 90/500
207/207 [==============================] - 42s 204ms/step - loss: 0.2056 - dice_coefficient: 0.8020 - val_loss: 0.2174 - val_dice_coefficient: 0.7935
Epoch 91/500
207/207 [==============================] - 43s 207ms/step - loss: 0.2066 - dice_coefficient: 0.8016 - val_loss: 0.1239 - val_dice_coefficient: 0.7897
Epoch 92/500
207/207 [==============================] - 43s 206ms/step - loss: 0.2067 - dice_coefficient: 0.8020 - val_loss: 0.1845 - val_dice_coefficient: 0.7905
Epoch 93/500
207/207 [==============================] - 42s 205ms/step - loss: 0.2065 - dice_coefficient: 0.8015 - val_loss: 0.2109 - val_dice_coefficient: 0.7889
Epoch 94/500
207/207 [==============================] - 43s 206ms/step - loss: 0.2056 - dice_coefficient: 0.8025 - val_loss: 0.2596 - val_dice_coefficient: 0.7942

Epoch 00094: ReduceLROnPlateau reducing learning rate to 3.906250185536919e-06.
Epoch 95/500
207/207 [==============================] - 42s 201ms/step - loss: 0.2064 - dice_coefficient: 0.8016 - val_loss: 0.3606 - val_dice_coefficient: 0.7875
Epoch 96/500
207/207 [==============================] - 43s 206ms/step - loss: 0.2061 - dice_coefficient: 0.8026 - val_loss: 0.2290 - val_dice_coefficient: 0.7918
Epoch 97/500
207/207 [==============================] - 43s 209ms/step - loss: 0.2046 - dice_coefficient: 0.8029 - val_loss: 0.1338 - val_dice_coefficient: 0.7901
Epoch 98/500
207/207 [==============================] - 43s 207ms/step - loss: 0.2048 - dice_coefficient: 0.8031 - val_loss: 0.2060 - val_dice_coefficient: 0.7906
Epoch 99/500
207/207 [==============================] - 42s 202ms/step - loss: 0.2061 - dice_coefficient: 0.8022 - val_loss: 0.3701 - val_dice_coefficient: 0.7838
Epoch 100/500
207/207 [==============================] - 43s 208ms/step - loss: 0.2048 - dice_coefficient: 0.8032 - val_loss: 0.2601 - val_dice_coefficient: 0.7956
Epoch 101/500
207/207 [==============================] - 43s 207ms/step - loss: 0.2068 - dice_coefficient: 0.8016 - val_loss: 0.1523 - val_dice_coefficient: 0.7954
Epoch 102/500
207/207 [==============================] - 42s 205ms/step - loss: 0.2056 - dice_coefficient: 0.8018 - val_loss: 0.2760 - val_dice_coefficient: 0.7878
Epoch 103/500
207/207 [==============================] - 43s 207ms/step - loss: 0.2052 - dice_coefficient: 0.8031 - val_loss: 0.3044 - val_dice_coefficient: 0.7933
Epoch 104/500
207/207 [==============================] - 42s 204ms/step - loss: 0.2061 - dice_coefficient: 0.8015 - val_loss: 0.2612 - val_dice_coefficient: 0.7922

Epoch 00104: ReduceLROnPlateau reducing learning rate to 1.9531250927684596e-06.
Epoch 105/500
207/207 [==============================] - 42s 205ms/step - loss: 0.2055 - dice_coefficient: 0.8024 - val_loss: 0.3310 - val_dice_coefficient: 0.7934
Epoch 106/500
207/207 [==============================] - 43s 209ms/step - loss: 0.2064 - dice_coefficient: 0.8013 - val_loss: 0.3539 - val_dice_coefficient: 0.7889
Epoch 107/500
207/207 [==============================] - 43s 208ms/step - loss: 0.2046 - dice_coefficient: 0.8033 - val_loss: 0.1899 - val_dice_coefficient: 0.7939
Epoch 108/500
207/207 [==============================] - 43s 208ms/step - loss: 0.2058 - dice_coefficient: 0.8026 - val_loss: 0.1565 - val_dice_coefficient: 0.7939
Epoch 109/500
207/207 [==============================] - 42s 205ms/step - loss: 0.2051 - dice_coefficient: 0.8029 - val_loss: 0.3071 - val_dice_coefficient: 0.7905
Epoch 110/500
207/207 [==============================] - 43s 207ms/step - loss: 0.2057 - dice_coefficient: 0.8023 - val_loss: 0.1988 - val_dice_coefficient: 0.7942
Epoch 111/500
207/207 [==============================] - 43s 207ms/step - loss: 0.2041 - dice_coefficient: 0.8036 - val_loss: 0.2450 - val_dice_coefficient: 0.7921
Epoch 112/500
207/207 [==============================] - 44s 210ms/step - loss: 0.2056 - dice_coefficient: 0.8030 - val_loss: 0.1594 - val_dice_coefficient: 0.7984
Epoch 113/500
207/207 [==============================] - 43s 208ms/step - loss: 0.2050 - dice_coefficient: 0.8030 - val_loss: 0.2448 - val_dice_coefficient: 0.7904
Epoch 114/500
207/207 [==============================] - 42s 205ms/step - loss: 0.2061 - dice_coefficient: 0.8023 - val_loss: 0.1687 - val_dice_coefficient: 0.7904

Epoch 00114: ReduceLROnPlateau reducing learning rate to 9.765625463842298e-07.
Epoch 00114: early stopping
