epoch,dice_coefficient,loss,val_dice_coefficient,val_loss
0,0.1996648422650342,0.7921073627703398,0.36847677934341705,0.650348655306376
1,0.4128488988990814,0.6136317334128815,0.4744745481472749,0.568861553302178
2,0.5143752162914398,0.5068986083118661,0.5874267865258914,0.4281594099906775
3,0.5874239249715527,0.40685205812593106,0.5915956313793476,0.391416725057822
4,0.6141722335398776,0.3777835756829641,0.6301478047210437,0.3699446412233206
5,0.6526260709805974,0.34794882894719686,0.6902142098316779,0.32012826204299927
6,0.6855667171981729,0.32628742120798354,0.6894895577659974,0.3264807772177916
7,0.6982914578278088,0.3121453373177538,0.6993348630001912,0.3030270521457379
8,0.7054855986995604,0.3063834986640412,0.6899156043162713,0.3101060757270226
9,0.7098000691209024,0.2986698283732516,0.7028441606805875,0.2965166912629054
10,0.7205839784255306,0.2938609377851764,0.712256480868046,0.2999878262098019
11,0.7270939643811254,0.2848259274241994,0.7316320188916646,0.2770290592542061
12,0.740981185754526,0.2687267527996915,0.73149752502258,0.2784692518986188
13,0.7430619612625502,0.2674455026399742,0.7508146338737928,0.2626449672075418
14,0.7552737545909234,0.25519160448926165,0.7394544264444938,0.2702177098164192
15,0.7549915156028804,0.2573541093219831,0.7496017263485835,0.26103642124396104
16,0.7437006297331412,0.26584934956819106,0.7360811107433759,0.27395469638017506
17,0.7471092083645099,0.26613505835672024,0.7303551555826113,0.2788897959085611
18,0.7581010091941334,0.2560589148581607,0.744370941645824,0.2598419441626622
19,0.7653770419289765,0.24796117046504346,0.7443192429267443,0.2595046953513072
20,0.7626935599498379,0.24808006610685182,0.7400405756556071,0.26320749750504124
21,0.7645772863360285,0.24645284715208035,0.7416672520339489,0.27494072570250583
22,0.7725533165977997,0.23913943333533202,0.7583614232448431,0.2527410468229881
23,0.7703787443562619,0.24059637831252756,0.7661932345766288,0.24706651728886825
24,0.772375597971157,0.23652621148859412,0.7736723296917402,0.2386952260365853
25,0.7808212998133262,0.23223035370261924,0.7711967665415543,0.2364888099523691
26,0.7778654254755928,0.23258554472506626,0.7504746495531156,0.25723180404076207
27,0.7786795915041155,0.2319370638398291,0.7579111674657235,0.25814233605678266
28,0.7801421056094678,0.23069958142863894,0.7759519546077802,0.2332353534606787
29,0.7821046895193822,0.22874412577129105,0.7711909373219197,0.23194565108189216
30,0.7792728034037988,0.2317164439020805,0.7676942715278039,0.23780215703524077
31,0.7851862136310744,0.22681266503426636,0.7741152311746891,0.23490868050318497
32,0.7900538827898433,0.22041555284296424,0.7789947803203876,0.22845783256567442
33,0.7816665545829291,0.2302602555566621,0.7656048106459471,0.2382231618349369
34,0.7884983802304685,0.22223592527861735,0.7717967165204195,0.24383930632701287
35,0.7885331129564822,0.22081247840112853,0.7740217945896662,0.22950078203127935
36,0.7844954182222051,0.22710244285250172,0.7739992061486611,0.23560189169186813
37,0.7831649602327532,0.22937781920710815,0.7728248651211078,0.2321023574242225
38,0.7919236839685625,0.2200906771479301,0.7772169474225777,0.23047289481529823
39,0.7882447986348161,0.22101646517086954,0.7740882331362138,0.23128733153526598
40,0.7913718003671146,0.22135331532330188,0.7766375220738925,0.2337651138122265
41,0.795062582469681,0.21553813195923,0.7742538933570569,0.23577303152817947
42,0.7971828471399048,0.21117021707655156,0.7723115310072899,0.231109707401349
43,0.8056552449187029,0.20304325165100467,0.7872968218647517,0.22146141872956202
44,0.8050476380632919,0.20176484023483054,0.7888737303706316,0.21617803894556487
45,0.8067304680069673,0.201033957664249,0.7885283827781677,0.2164262326864096
46,0.8050544163555775,0.202851793141041,0.7886290813867862,0.2170962943480565
47,0.8071144914742813,0.20075993167543874,0.7829602779104159,0.2239583031489299
48,0.8077551194475693,0.20216962521516005,0.7817248444144542,0.22773237870289728
49,0.8091784625956155,0.1995398037641951,0.7871029308209052,0.21802586660935327
50,0.8073706014931781,0.20568418878953434,0.7776120115931218,0.2308834963119947
51,0.8084089821114123,0.20115836065949746,0.7913187713577197,0.21258922952872056
52,0.8126263465117483,0.19610788579126007,0.7909305542707443,0.21620003420573014
53,0.8098954151845673,0.19909260544962096,0.7706827423893489,0.22791372468838325
54,0.8089158801199163,0.19992084613124145,0.787406845161548,0.21697036692729363
55,0.8136115584847996,0.19486472068481075,0.7840986572779142,0.21892311825202063
56,0.8148594682367103,0.19334113511066991,0.7913349477144388,0.21503761525337511
57,0.8133414820270631,0.19597558141912072,0.783451918226022,0.21716182507001436
58,0.8115236973299563,0.19517625564510382,0.794491891677563,0.2132324885863524
59,0.815134801332233,0.19561245140520114,0.7879452395897645,0.21948179717247301
60,0.8135917131761903,0.19543518400886684,0.7926494181156158,0.2137478647323755
61,0.8142086921386349,0.19315048097406776,0.7953543800574082,0.2100910762181649
62,0.8143959624096028,0.1947294543090376,0.7970646533828515,0.20813450102622694
63,0.8132771913287709,0.19387848573980979,0.7805279493331909,0.228767712528889
64,0.814828728877225,0.1942739923602169,0.7875838921620295,0.22043511615349695
65,0.8169781620641356,0.1935032154749898,0.7959941321840653,0.21380746135344872
66,0.8191779540869796,0.18945890202105625,0.7904791539678206,0.21239434411892524
67,0.8181567294794378,0.1908010519245296,0.7970679734761899,0.2084934814618184
68,0.8195190455728364,0.18843168078117,0.7983198137237475,0.208174833884606
69,0.815796362543569,0.19214868024714943,0.7981666859525901,0.20725919077029595
70,0.817884306161149,0.19073160354373525,0.7904422512421241,0.21389747239076173
71,0.8182235190879952,0.18959999547421352,0.7847594865239583,0.2157461838080333
72,0.8174541076120821,0.1930402933972553,0.7957102914269154,0.209037463252361
73,0.7999293167614242,0.20726591059305136,0.7942509788733262,0.21254502695340377
74,0.8170876481290003,0.19282382495194964,0.7975294108574207,0.20780176038925463
75,0.8196469021653666,0.18841481758552847,0.7967060896066519,0.20823306074509254
76,0.8216101683459236,0.1865870399961194,0.7983100104790467,0.20691811236051413
77,0.8203586587338771,0.18906988680941386,0.7934583236391728,0.21024718651404747
78,0.8199489537662673,0.18899443774547392,0.7929200083017349,0.2096362618299631
79,0.8187470392694751,0.19054499557874735,0.797625349691281,0.20874787867069244
80,0.8230889559660143,0.18513099545414008,0.7880582150358421,0.21394398693854993
81,0.8222995760660727,0.18636863324248676,0.7937069030908438,0.20886808519180006
82,0.821537642803007,0.18691195793522214,0.7951222898868414,0.20812567380758432
83,0.8230363142143176,0.18555810237393797,0.7971735883217591,0.20693430992273185
84,0.8241744575280587,0.18424529126546915,0.8004455182414788,0.20533503706638628
85,0.8175889505344687,0.18945338396192754,0.8009952879869021,0.20426811277866364
86,0.8223556414680574,0.18678836133873578,0.7976801750751642,0.2100155261846689
87,0.8262379450126759,0.18314960425339857,0.7959739353794318,0.2062205706651394
88,0.8237097983800091,0.18436034761586237,0.8049471452832222,0.20170676364348486
89,0.8214229811163782,0.18806729010007914,0.8007685605150002,0.2046671716066507
90,0.82332762627347,0.18619452604969727,0.8020826486440805,0.20360243549713722
91,0.8246368062727659,0.1831851074996504,0.7989383815572813,0.20547802173174345
92,0.8112391177022341,0.19799240150497954,0.7956550751741116,0.20946122935185066
93,0.8232512453806053,0.1845973923947047,0.8011049507902219,0.20268149444690117
94,0.822710946780964,0.18599068887025408,0.8013806853156823,0.20244799095850724
95,0.8247991482030999,0.1824797160417131,0.8062744467304304,0.19816402403207925
96,0.8246577089851342,0.18261695862973779,0.7949520504245391,0.20885789509002978
97,0.8251991435451415,0.18186183143587945,0.8015238722929587,0.20399589492724493
98,0.8256928653103633,0.1849304420276753,0.7972075377519314,0.20469364867760584
99,0.8265162357716884,0.18319621537495584,0.8025880685219398,0.20277322141023782
100,0.8263277764459258,0.18345512203799869,0.8017768647808295,0.20436166112239545
101,0.8234565647192371,0.1846419376077004,0.7995719198997204,0.2036627301803002
102,0.8283025039341844,0.17954750865408517,0.7971043689892843,0.21381040490590608
103,0.8199859192070452,0.19246976988986858,0.7975900282080357,0.20742109417915344
104,0.8268300925643699,0.18304354270685066,0.7960827356347671,0.2063963906123088
105,0.8284191632444419,0.1800865108527026,0.797836938729653,0.2094096954052265
106,0.8329029547647365,0.17472739011338614,0.8058078300494415,0.19938102479164416
107,0.8330447241229918,0.17447392599096576,0.8002874960119908,0.20292394780195677
108,0.8334892871021067,0.17535640516327422,0.8036080392507406,0.19998315205940834
109,0.8344837798944955,0.17337291391150464,0.8036922938548602,0.20047290737812334
110,0.8351625936123931,0.1728963577052922,0.804272781770963,0.1996108591556549
111,0.8341501062934839,0.1737136933410052,0.8079760057421831,0.19760769261763647
112,0.833861130678538,0.17519237144479474,0.8053167789028242,0.20118591877130362
113,0.8359832559685105,0.17213315379272387,0.8017454422437228,0.20212732255458832
114,0.8345977105561969,0.17359727273866968,0.8034666788119537,0.2012852315719311
115,0.8335535714348543,0.17273072015891955,0.8080507860733912,0.1966668929045017
116,0.832912976446661,0.17559770270458702,0.8058869351561253,0.19864483177661896
117,0.8352789362368075,0.17272880731277096,0.8027600279221168,0.200510452573116
118,0.834009096460435,0.17374001776130454,0.7999869630886958,0.2056310520722316
119,0.8365935775840166,0.17139636833690902,0.8035853298810812,0.201212452008174
120,0.8365231954935685,0.17098202780612465,0.8046924047745191,0.1994702540911161
121,0.8362924630202137,0.1725934084179332,0.8047575423350701,0.2001322370309096
122,0.8367965131708719,0.17184700404556053,0.8067560430902702,0.19683016263521635
123,0.8374279009775051,0.1701721690812157,0.8055874304129527,0.19910333019036514
124,0.8370261263210796,0.17102327798176736,0.8080676392867014,0.19722208495323473
125,0.836622362865985,0.1714004032241488,0.8073167806634536,0.19839496795947736
126,0.8393685146442895,0.16805534079236892,0.807654816370744,0.1972613357580625
127,0.8387825750899547,0.1678121188311901,0.8062287036042947,0.19822493883279654
128,0.8392499708434911,0.16752759027249606,0.8055513014013951,0.19808900585541359
129,0.8406112820488735,0.1669679775978755,0.807192536500784,0.19658252138357896
130,0.8403667885701633,0.16679956091260448,0.8074328842071387,0.19686211187105912
131,0.8402444686993812,0.1672620695192837,0.8035280922284493,0.20163373419871697
132,0.8404537359777006,0.16660610101755383,0.8060656252961892,0.19837612716051248
133,0.8400562988612258,0.1666592394263999,0.8044360280036926,0.19876055648693672
134,0.8395617958700773,0.16781594249808673,0.8059079635601777,0.1983068035199092
135,0.8409865941237478,0.16645874039640704,0.8070820449636533,0.19697883954414955
136,0.8416007129312719,0.16626051357648905,0.8062044112728193,0.19745178979176742
137,0.8424127310225107,0.1646425295801996,0.8052456207000293,0.19847108882207137
138,0.8425609285680993,0.16439068838230614,0.8066298640691317,0.19778438829458678
139,0.8416092727080132,0.1651306256507207,0.8069565181548779,0.19659002813009116
140,0.842027239863155,0.16466390189615268,0.8065755401666348,0.19660781553158393
141,0.8425466528216612,0.16452672527831735,0.8071895889364756,0.19669351210960975
142,0.8427781723078015,0.16377657420426897,0.80773448657531,0.19661333583868468
143,0.8423006644526732,0.16400863534038507,0.8072908812990556,0.19643847873577705
144,0.8425511723583184,0.16375157410658678,0.8075857070776132,0.1965801211503836
145,0.8430187935100019,0.16376472098156086,0.8068259771053607,0.19709601195958945
146,0.8426478672953486,0.16390295919862766,0.8068873813519111,0.19722082179326278
147,0.8433573630828302,0.1635810298827088,0.8070440934254572,0.1966024018250979
148,0.8418636471033096,0.1645558273908004,0.8075646763810744,0.19593947323469016
149,0.8432321753895399,0.1634767365108416,0.8073067642175235,0.19631851177949172
150,0.8435861987685694,0.16285638352042264,0.806497858120845,0.19662223985561958
151,0.8439961694976659,0.16288834723454076,0.806351231267819,0.19763892315901244
152,0.8432777816230811,0.16358761677464234,0.8059874520852015,0.19774426978368026
153,0.8431438808012934,0.16345493018048482,0.8059609979391098,0.19705250973884875
154,0.8435707103858874,0.16292514702648792,0.8066191799365557,0.19778688481220832
155,0.843304955264897,0.1637411626797278,0.8062157115110984,0.1984702726969352
156,0.8432207670315955,0.16359414261521646,0.8062961645997487,0.1969062342093541
157,0.843515515761468,0.16304087986066504,0.8072158029446235,0.19658348308159754
158,0.8439214505906244,0.16305145881708386,0.8074299652989094,0.19599888989558586
159,0.8448182829086063,0.1618378564570714,0.8071333399185767,0.19638817241558662
160,0.8444482566951548,0.16187826406608508,0.8070003814422168,0.1963512897491455
161,0.8444035754909793,0.16225559329523623,0.806645967066288,0.19651248707221106
162,0.8447428882411383,0.1617880101921489,0.806458211862124,0.19718562295803657
163,0.8443797901996131,0.16208398342132568,0.8064030403128037,0.19730998804936042
164,0.8444532540816705,0.16205811095469205,0.8066282730836135,0.19661823373574477
165,0.8442930544464333,0.16249904499470608,0.8062936646433977,0.19701079451120818
166,0.8444320074852231,0.16207804726165476,0.8062501303278483,0.19679272977205423
167,0.8446409572096705,0.16181856538485556,0.8062350818744073,0.1971964159837136
168,0.8444050413022921,0.16203222807171275,0.8069050346429532,0.19653360889508173
169,0.8451907445215484,0.16144992280932305,0.8070636775631171,0.1962354022722978
170,0.8446014367260979,0.1618629051643668,0.8066101051293887,0.1967135129066614
171,0.8451232774165071,0.1612485872889028,0.806896312878682,0.1963278903410985
172,0.8452908249155989,0.16129449183501085,0.8070215938182977,0.19639243758641756
173,0.8452899139193655,0.16147182954167857,0.8073734423288932,0.19613897227323973
174,0.8447165994100201,0.16140034331858738,0.8072414713410231,0.1963812135733091
175,0.8451588380973316,0.16147945112395054,0.8073207466648176,0.19619783759117126
176,0.8450192482147402,0.16146850933149023,0.8074310783010262,0.19594925068891966
177,0.844788127587837,0.16155010895821656,0.807016409933567,0.1962953473512943
178,0.845214983502638,0.16123143127821024,0.8069317157451923,0.196424758205047
179,0.8452783342704032,0.16107991713922,0.8069729042740968,0.19641165549938494
180,0.8454500237136211,0.16073875693441594,0.8068643802633653,0.19646599430304307
181,0.8449993401187138,0.16141832308861817,0.8069196452315037,0.1964407551747102
182,0.8451101784277888,0.16117901709473248,0.8069469447319324,0.19649030382816607
183,0.8456260055592917,0.16060188528403496,0.8070599350791711,0.19628839538647577
184,0.8455884381405359,0.16085676313603967,0.8069483591960027,0.19644789283092207
185,0.8452553236947477,0.1612539114882645,0.8069820071642215,0.19635138030235583
186,0.8452914264595625,0.16112431768074775,0.8072301183755581,0.19615622667165902
187,0.8451513522168965,0.16159076916361317,0.8072568241220254,0.1961984668786709
188,0.8455257548869235,0.1610879275983977,0.8068955901723641,0.19646873840918908
189,0.8453837518842475,0.16120146258363446,0.8071284357171792,0.19622410604586968
190,0.8454626438397805,0.16100814186253595,0.8070926929895694,0.1962763426395563
191,0.8458579732376394,0.1608019786552318,0.807028737778847,0.19633542918241942
192,0.8448769887095516,0.16133715834432436,0.8070307494356082,0.1963632989388246
193,0.8456067348857528,0.16069780536068295,0.806994735621489,0.1964184664762937
194,0.8455082630937539,0.16106356665926072,0.8069786859246401,0.19640043263251966
195,0.8463278422945911,0.16050715006670904,0.8069892726265467,0.19636338834579176
196,0.8455243760231629,0.16090736227128113,0.8069132990561999,0.19642404524179605
197,0.845619119342091,0.16091971866135457,0.8069669919518324,0.19639562643491304
198,0.8456324147946627,0.1607213651092307,0.8070193855808332,0.1963999615265773
